Performing C SOURCE FILE Test CMAKE_HAVE_LIBC_PTHREAD failed with the following output:
Change Dir: /home/anton20241/scanmaxM5_3D_ToF/build/CMakeFiles/CMakeTmp

Run Build Command(s):/usr/bin/make cmTC_65c1a/fast && /usr/bin/make -f CMakeFiles/cmTC_65c1a.dir/build.make CMakeFiles/cmTC_65c1a.dir/build
make[1]: Entering directory '/home/anton20241/scanmaxM5_3D_ToF/build/CMakeFiles/CMakeTmp'
Building C object CMakeFiles/cmTC_65c1a.dir/src.c.o
/usr/bin/cc   -DCMAKE_HAVE_LIBC_PTHREAD   -o CMakeFiles/cmTC_65c1a.dir/src.c.o   -c /home/anton20241/scanmaxM5_3D_ToF/build/CMakeFiles/CMakeTmp/src.c
Linking C executable cmTC_65c1a
/usr/bin/cmake -E cmake_link_script CMakeFiles/cmTC_65c1a.dir/link.txt --verbose=1
/usr/bin/cc  -DCMAKE_HAVE_LIBC_PTHREAD    CMakeFiles/cmTC_65c1a.dir/src.c.o  -o cmTC_65c1a 
/usr/bin/ld: CMakeFiles/cmTC_65c1a.dir/src.c.o: in function `main':
src.c:(.text+0x46): undefined reference to `pthread_create'
/usr/bin/ld: src.c:(.text+0x52): undefined reference to `pthread_detach'
/usr/bin/ld: src.c:(.text+0x63): undefined reference to `pthread_join'
collect2: error: ld returned 1 exit status
make[1]: *** [CMakeFiles/cmTC_65c1a.dir/build.make:87: cmTC_65c1a] Error 1
make[1]: Leaving directory '/home/anton20241/scanmaxM5_3D_ToF/build/CMakeFiles/CMakeTmp'
make: *** [Makefile:121: cmTC_65c1a/fast] Error 2


Source file was:
#include <pthread.h>

void* test_func(void* data)
{
  return data;
}

int main(void)
{
  pthread_t thread;
  pthread_create(&thread, NULL, test_func, NULL);
  pthread_detach(thread);
  pthread_join(thread, NULL);
  pthread_atfork(NULL, NULL, NULL);
  pthread_exit(NULL);

  return 0;
}

Determining if the function pthread_create exists in the pthreads failed with the following output:
Change Dir: /home/anton20241/scanmaxM5_3D_ToF/build/CMakeFiles/CMakeTmp

Run Build Command(s):/usr/bin/make cmTC_b79ef/fast && /usr/bin/make -f CMakeFiles/cmTC_b79ef.dir/build.make CMakeFiles/cmTC_b79ef.dir/build
make[1]: Entering directory '/home/anton20241/scanmaxM5_3D_ToF/build/CMakeFiles/CMakeTmp'
Building C object CMakeFiles/cmTC_b79ef.dir/CheckFunctionExists.c.o
/usr/bin/cc   -DCHECK_FUNCTION_EXISTS=pthread_create   -o CMakeFiles/cmTC_b79ef.dir/CheckFunctionExists.c.o   -c /usr/share/cmake-3.16/Modules/CheckFunctionExists.c
Linking C executable cmTC_b79ef
/usr/bin/cmake -E cmake_link_script CMakeFiles/cmTC_b79ef.dir/link.txt --verbose=1
/usr/bin/cc  -DCHECK_FUNCTION_EXISTS=pthread_create    CMakeFiles/cmTC_b79ef.dir/CheckFunctionExists.c.o  -o cmTC_b79ef  -lpthreads 
/usr/bin/ld: cannot find -lpthreads
collect2: error: ld returned 1 exit status
make[1]: *** [CMakeFiles/cmTC_b79ef.dir/build.make:87: cmTC_b79ef] Error 1
make[1]: Leaving directory '/home/anton20241/scanmaxM5_3D_ToF/build/CMakeFiles/CMakeTmp'
make: *** [Makefile:121: cmTC_b79ef/fast] Error 2



Determining if the function cblas_ddot exists failed with the following output:
Change Dir: /home/anton20241/scanmaxM5_3D_ToF/build/CMakeFiles/CMakeTmp

Run Build Command(s):/usr/bin/make cmTC_d8308/fast && /usr/bin/make -f CMakeFiles/cmTC_d8308.dir/build.make CMakeFiles/cmTC_d8308.dir/build
make[1]: Entering directory '/home/anton20241/scanmaxM5_3D_ToF/build/CMakeFiles/CMakeTmp'
Building C object CMakeFiles/cmTC_d8308.dir/CheckFunctionExists.c.o
/usr/bin/cc   -DCHECK_FUNCTION_EXISTS=cblas_ddot   -o CMakeFiles/cmTC_d8308.dir/CheckFunctionExists.c.o   -c /usr/share/cmake-3.16/Modules/CheckFunctionExists.c
Linking C executable cmTC_d8308
/usr/bin/cmake -E cmake_link_script CMakeFiles/cmTC_d8308.dir/link.txt --verbose=1
/usr/bin/cc  -DCHECK_FUNCTION_EXISTS=cblas_ddot    CMakeFiles/cmTC_d8308.dir/CheckFunctionExists.c.o  -o cmTC_d8308 
/usr/bin/ld: CMakeFiles/cmTC_d8308.dir/CheckFunctionExists.c.o: in function `main':
CheckFunctionExists.c:(.text+0x14): undefined reference to `cblas_ddot'
collect2: error: ld returned 1 exit status
make[1]: *** [CMakeFiles/cmTC_d8308.dir/build.make:87: cmTC_d8308] Error 1
make[1]: Leaving directory '/home/anton20241/scanmaxM5_3D_ToF/build/CMakeFiles/CMakeTmp'
make: *** [Makefile:121: cmTC_d8308/fast] Error 2



Determining if the function sgesv exists failed with the following output:
Change Dir: /home/anton20241/scanmaxM5_3D_ToF/build/CMakeFiles/CMakeTmp

Run Build Command(s):/usr/bin/make cmTC_fd6f9/fast && /usr/bin/make -f CMakeFiles/cmTC_fd6f9.dir/build.make CMakeFiles/cmTC_fd6f9.dir/build
make[1]: Entering directory '/home/anton20241/scanmaxM5_3D_ToF/build/CMakeFiles/CMakeTmp'
Building C object CMakeFiles/cmTC_fd6f9.dir/CheckFunctionExists.c.o
/usr/bin/cc   -DCHECK_FUNCTION_EXISTS=sgesv   -o CMakeFiles/cmTC_fd6f9.dir/CheckFunctionExists.c.o   -c /usr/share/cmake-3.16/Modules/CheckFunctionExists.c
Linking C executable cmTC_fd6f9
/usr/bin/cmake -E cmake_link_script CMakeFiles/cmTC_fd6f9.dir/link.txt --verbose=1
/usr/bin/cc  -DCHECK_FUNCTION_EXISTS=sgesv    CMakeFiles/cmTC_fd6f9.dir/CheckFunctionExists.c.o  -o cmTC_fd6f9  /usr/lib/x86_64-linux-gnu/liblapack.so 
/usr/bin/ld: CMakeFiles/cmTC_fd6f9.dir/CheckFunctionExists.c.o: in function `main':
CheckFunctionExists.c:(.text+0x14): undefined reference to `sgesv'
collect2: error: ld returned 1 exit status
make[1]: *** [CMakeFiles/cmTC_fd6f9.dir/build.make:88: cmTC_fd6f9] Error 1
make[1]: Leaving directory '/home/anton20241/scanmaxM5_3D_ToF/build/CMakeFiles/CMakeTmp'
make: *** [Makefile:121: cmTC_fd6f9/fast] Error 2



Determining if the function sgetrf_single exists failed with the following output:
Change Dir: /home/anton20241/scanmaxM5_3D_ToF/build/CMakeFiles/CMakeTmp

Run Build Command(s):/usr/bin/make cmTC_3dbca/fast && make[1]: Entering directory '/home/anton20241/scanmaxM5_3D_ToF/build/CMakeFiles/CMakeTmp'
/usr/bin/make -f CMakeFiles/cmTC_3dbca.dir/build.make CMakeFiles/cmTC_3dbca.dir/build
make[2]: Entering directory '/home/anton20241/scanmaxM5_3D_ToF/build/CMakeFiles/CMakeTmp'
Building C object CMakeFiles/cmTC_3dbca.dir/CheckFunctionExists.c.o
/usr/bin/cc   -DCHECK_FUNCTION_EXISTS=sgetrf_single   -o CMakeFiles/cmTC_3dbca.dir/CheckFunctionExists.c.o   -c /usr/share/cmake-3.16/Modules/CheckFunctionExists.c
Linking C executable cmTC_3dbca
/usr/bin/cmake -E cmake_link_script CMakeFiles/cmTC_3dbca.dir/link.txt --verbose=1
/usr/bin/cc  -DCHECK_FUNCTION_EXISTS=sgetrf_single    CMakeFiles/cmTC_3dbca.dir/CheckFunctionExists.c.o  -o cmTC_3dbca  /usr/lib/x86_64-linux-gnu/libcblas.so 
/usr/bin/ld: CMakeFiles/cmTC_3dbca.dir/CheckFunctionExists.c.o: in function `main':
CheckFunctionExists.c:(.text+0x14): undefined reference to `sgetrf_single'
collect2: error: ld returned 1 exit status
make[2]: *** [CMakeFiles/cmTC_3dbca.dir/build.make:88: cmTC_3dbca] Error 1
make[2]: Leaving directory '/home/anton20241/scanmaxM5_3D_ToF/build/CMakeFiles/CMakeTmp'
make[1]: *** [Makefile:121: cmTC_3dbca/fast] Error 2
make[1]: Leaving directory '/home/anton20241/scanmaxM5_3D_ToF/build/CMakeFiles/CMakeTmp'



